<?xml version="1.0" encoding="UTF-8"?>
<!-- Generated by org.testng.reporters.JUnitReportReporter -->
<testsuite hostname="DESKTOP-B9KJEIH" failures="0" tests="1" name="flipkartTestClasses.TC003_VerifyMintra" time="18.208" errors="0" timestamp="2023-08-28T13:23:43 IST" skipped="0">
  <testcase classname="flipkartTestClasses.TC003_VerifyMintra" name="verifyMintra" time="18.208"/>
  <system-out>
    <![CDATA[Browser open
Browser Maximize
Browser Close]]>
  </system-out>
</testsuite> <!-- flipkartTestClasses.TC003_VerifyMintra -->
