<?xml version="1.0" encoding="UTF-8"?>
<!-- Generated by org.testng.reporters.JUnitReportReporter -->
<testsuite hostname="DESKTOP-B9KJEIH" failures="0" tests="1" name="flipkartTestClasses.TC002_VerifyAmazon" time="22.509" errors="0" timestamp="2023-08-28T13:00:37 IST" skipped="0">
  <testcase classname="flipkartTestClasses.TC002_VerifyAmazon" name="verifyAmazon" time="22.509"/>
  <system-out>
    <![CDATA[Amazom Open
Windows Maximize
Browser is Closed]]>
  </system-out>
</testsuite> <!-- flipkartTestClasses.TC002_VerifyAmazon -->
