<?xml version="1.0" encoding="UTF-8"?>
<!-- Generated by org.testng.reporters.JUnitReportReporter -->
<testsuite hostname="DESKTOP-B9KJEIH" failures="0" tests="1" name="flipkartTestClasses.TC001_VerifySearchTextBox" time="13.419" errors="0" timestamp="2023-08-28T12:57:52 IST" skipped="0">
  <testcase classname="flipkartTestClasses.TC001_VerifySearchTextBox" name="verifySearchTextBox" time="13.419"/>
  <system-out>
    <![CDATA[Browser Open
Windows Maximize
Browser is Closed]]>
  </system-out>
</testsuite> <!-- flipkartTestClasses.TC001_VerifySearchTextBox -->
